Array
(
    [REQUEST_URI] => /api_auth/products
    [REQUEST_METHOD] => GET
    [TIME] => 2025-07-18 11:29:45
)
Array
(
    [REQUEST_URI] => /api_auth/products/1234
    [REQUEST_METHOD] => GET
    [TIME] => 2025-07-18 11:29:53
)
Array
(
    [REQUEST_URI] => /api_auth/products/by-barcode
    [REQUEST_METHOD] => GET
    [TIME] => 2025-07-18 11:30:56
)
Array
(
    [REQUEST_URI] => /api_auth/products/by-barcode/123
    [REQUEST_METHOD] => GET
    [TIME] => 2025-07-18 11:31:01
)
Array
(
    [REQUEST_URI] => /api_auth/products/by-barcode/123
    [REQUEST_METHOD] => GET
    [TIME] => 2025-07-18 11:33:49
)
Array
(
    [REQUEST_URI] => /api_auth/products/by-barcode/123
    [REQUEST_METHOD] => GET
    [TIME] => 2025-07-18 11:33:56
)
Array
(
    [REQUEST_URI] => /api_auth/products/by-barcode123
    [REQUEST_METHOD] => GET
    [TIME] => 2025-07-18 11:33:59
)
Array
(
    [REQUEST_URI] => /api_auth/products/123
    [REQUEST_METHOD] => GET
    [TIME] => 2025-07-18 11:35:28
)
Array
(
    [REQUEST_URI] => /api_auth/product/123
    [REQUEST_METHOD] => GET
    [TIME] => 2025-07-18 11:35:32
)
Array
(
    [REQUEST_URI] => /api_auth/product/123/
    [REQUEST_METHOD] => GET
    [TIME] => 2025-07-18 11:35:58
)
Array
(
    [REQUEST_URI] => /api_auth/product/123
    [REQUEST_METHOD] => GET
    [TIME] => 2025-07-18 11:36:00
)
Array
(
    [REQUEST_URI] => /api_auth/products/by-barcode
    [REQUEST_METHOD] => GET
    [TIME] => 2025-07-18 11:36:50
)
Array
(
    [REQUEST_URI] => /api_auth/products/by-barcode123
    [REQUEST_METHOD] => GET
    [TIME] => 2025-07-18 11:36:56
)
Array
(
    [REQUEST_URI] => /api_auth/products/by-barcode/123
    [REQUEST_METHOD] => GET
    [TIME] => 2025-07-18 11:36:59
)
Array
(
    [REQUEST_URI] => /api_auth/products/by-barcode
    [REQUEST_METHOD] => GET
    [TIME] => 2025-07-18 11:37:01
)
Array
(
    [REQUEST_URI] => /api_auth/products/by-barcode
    [REQUEST_METHOD] => GET
    [TIME] => 2025-07-18 11:37:13
)
Array
(
    [REQUEST_URI] => /api_auth/products/by-barcode?barcode=123
    [REQUEST_METHOD] => GET
    [TIME] => 2025-07-18 11:38:09
)
Array
(
    [REQUEST_URI] => /api_auth/product
    [REQUEST_METHOD] => GET
    [TIME] => 2025-07-18 11:38:20
)
Array
(
    [REQUEST_URI] => /api_auth/products/by-barcode-with-quantity?barcode=123
    [REQUEST_METHOD] => GET
    [TIME] => 2025-07-18 11:39:53
)
Array
(
    [REQUEST_URI] => /api_auth/products/by-barcode-with-quantity?barcode=123
    [REQUEST_METHOD] => GET
    [TIME] => 2025-07-18 11:39:54
)
Array
(
    [REQUEST_URI] => //api_auth/login
    [REQUEST_METHOD] => GET
    [TIME] => 2025-07-18 11:40:41
)
Array
(
    [REQUEST_URI] => //api_auth/login
    [REQUEST_METHOD] => GET
    [TIME] => 2025-07-18 11:40:49
)
Array
(
    [REQUEST_URI] => /api_auth/products/by-barcode-with-quantity?barcode=123
    [REQUEST_METHOD] => GET
    [TIME] => 2025-07-18 11:41:10
)
Array
(
    [REQUEST_URI] => /api_auth//inventory/update?barcode=123
    [REQUEST_METHOD] => GET
    [TIME] => 2025-07-18 11:41:40
)
Array
(
    [REQUEST_URI] => /api_auth//inventory/update
    [REQUEST_METHOD] => GET
    [TIME] => 2025-07-18 11:41:47
)
Array
(
    [REQUEST_URI] => /api_auth//inventory/update
    [REQUEST_METHOD] => GET
    [TIME] => 2025-07-18 11:42:22
)
Array
(
    [REQUEST_URI] => /api_auth//inventory/update
    [REQUEST_METHOD] => GET
    [TIME] => 2025-07-18 11:42:23
)
Array
(
    [REQUEST_URI] => /api_auth/inventory/update
    [REQUEST_METHOD] => GET
    [TIME] => 2025-07-18 11:42:27
)
Array
(
    [REQUEST_URI] => /api_auth/inventory/update?barcode=123
    [REQUEST_METHOD] => GET
    [TIME] => 2025-07-18 11:42:40
)
Array
(
    [REQUEST_URI] => /api_auth/inventory/update?barcode=123
    [REQUEST_METHOD] => GET
    [TIME] => 2025-07-18 11:42:41
)
Array
(
    [REQUEST_URI] => /api_auth/inventory/update?barcode=123
    [REQUEST_METHOD] => GET
    [TIME] => 2025-07-18 11:43:00
)
Array
(
    [REQUEST_URI] => /api_auth/inventory/update?barcode=123
    [REQUEST_METHOD] => POST
    [TIME] => 2025-07-18 11:43:47
)
Array
(
    [REQUEST_URI] => /api_auth/inventory/update?code=123?5
    [REQUEST_METHOD] => POST
    [TIME] => 2025-07-18 11:43:58
)
Array
(
    [REQUEST_URI] => /api_auth/inventory/update?code=123?quantity=5
    [REQUEST_METHOD] => POST
    [TIME] => 2025-07-18 11:44:13
)
Array
(
    [REQUEST_URI] => /api_auth/inventory/update
    [REQUEST_METHOD] => POST
    [TIME] => 2025-07-18 11:44:20
)
Array
(
    [REQUEST_URI] => /api_auth/inventory/update
    [REQUEST_METHOD] => POST
    [TIME] => 2025-07-18 11:44:21
)
Array
(
    [REQUEST_URI] => /api_auth/inventory/update
    [REQUEST_METHOD] => POST
    [TIME] => 2025-07-18 11:44:22
)
Array
(
    [REQUEST_URI] => /api_auth/inventory/update
    [REQUEST_METHOD] => POST
    [TIME] => 2025-07-18 11:44:22
)
Array
(
    [REQUEST_URI] => /api_auth/inventory/update
    [REQUEST_METHOD] => POST
    [TIME] => 2025-07-18 11:44:23
)
Array
(
    [REQUEST_URI] => /api_auth/inventory/update
    [REQUEST_METHOD] => POST
    [TIME] => 2025-07-18 11:44:23
)
Array
(
    [REQUEST_URI] => /api_auth/inventory/update
    [REQUEST_METHOD] => POST
    [TIME] => 2025-07-18 11:44:51
)
Array
(
    [REQUEST_URI] => /api_auth/products
    [REQUEST_METHOD] => POST
    [TIME] => 2025-07-18 11:52:56
)
Array
(
    [REQUEST_URI] => /api_auth/products
    [REQUEST_METHOD] => GET
    [TIME] => 2025-07-18 11:53:03
)
Array
(
    [REQUEST_URI] => /api_auth/products
    [REQUEST_METHOD] => GET
    [TIME] => 2025-07-18 11:53:19
)
Array
(
    [REQUEST_URI] => /api_auth/products
    [REQUEST_METHOD] => GET
    [TIME] => 2025-07-18 11:54:10
)
Array
(
    [REQUEST_URI] => /api_auth/products
    [REQUEST_METHOD] => OPTIONS
    [TIME] => 2025-07-18 11:55:35
)
Array
(
    [REQUEST_URI] => /api_auth/products
    [REQUEST_METHOD] => GET
    [TIME] => 2025-07-18 11:55:35
)
Array
(
    [REQUEST_URI] => /api_auth/products
    [REQUEST_METHOD] => OPTIONS
    [TIME] => 2025-07-18 11:55:46
)
Array
(
    [REQUEST_URI] => /api_auth/products
    [REQUEST_METHOD] => GET
    [TIME] => 2025-07-18 11:55:46
)
Array
(
    [REQUEST_URI] => /api_auth/products/by-barcode
    [REQUEST_METHOD] => GET
    [TIME] => 2025-07-18 11:57:53
)
Array
(
    [REQUEST_URI] => /api_auth/products/by-barcode?barcode=123
    [REQUEST_METHOD] => GET
    [TIME] => 2025-07-18 11:57:59
)
Array
(
    [REQUEST_URI] => /api_auth/products
    [REQUEST_METHOD] => OPTIONS
    [TIME] => 2025-07-18 12:00:28
)
Array
(
    [REQUEST_URI] => /api_auth/products
    [REQUEST_METHOD] => GET
    [TIME] => 2025-07-18 12:00:28
)
Array
(
    [REQUEST_URI] => /api_auth/products
    [REQUEST_METHOD] => OPTIONS
    [TIME] => 2025-07-18 12:01:08
)
Array
(
    [REQUEST_URI] => /api_auth/products
    [REQUEST_METHOD] => GET
    [TIME] => 2025-07-18 12:01:08
)
Array
(
    [REQUEST_URI] => /api_auth/products/by-barcode-with-quantity
    [REQUEST_METHOD] => GET
    [TIME] => 2025-07-18 12:06:09
)
Array
(
    [REQUEST_URI] => /api_auth/products/by-barcode-with-quantity?barocde=123
    [REQUEST_METHOD] => GET
    [TIME] => 2025-07-18 12:06:24
)
Array
(
    [REQUEST_URI] => /api_auth/products/by-barcode-with-quantity
    [REQUEST_METHOD] => GET
    [TIME] => 2025-07-18 12:06:46
)
Array
(
    [REQUEST_URI] => /api_auth/products/by-barcode-with-quantity?barcode=123
    [REQUEST_METHOD] => GET
    [TIME] => 2025-07-18 12:06:54
)
Array
(
    [REQUEST_URI] => /api_auth/products//inventory/update
    [REQUEST_METHOD] => GET
    [TIME] => 2025-07-18 12:11:22
)
Array
(
    [REQUEST_URI] => /api_auth/products/inventory/update
    [REQUEST_METHOD] => GET
    [TIME] => 2025-07-18 12:11:26
)
Array
(
    [REQUEST_URI] => /api_auth/inventory/update
    [REQUEST_METHOD] => GET
    [TIME] => 2025-07-18 12:11:33
)
Array
(
    [REQUEST_URI] => /api_auth/inventory/update
    [REQUEST_METHOD] => GET
    [TIME] => 2025-07-18 12:11:38
)
Array
(
    [REQUEST_URI] => /api_auth/inventory/update
    [REQUEST_METHOD] => GET
    [TIME] => 2025-07-18 12:12:02
)
Array
(
    [REQUEST_URI] => /api_auth/inventory/update
    [REQUEST_METHOD] => GET
    [TIME] => 2025-07-18 12:12:09
)
Array
(
    [REQUEST_URI] => /api_auth/inventory/update
    [REQUEST_METHOD] => GET
    [TIME] => 2025-07-18 12:12:56
)
Array
(
    [REQUEST_URI] => /api_auth/inventory/update
    [REQUEST_METHOD] => GET
    [TIME] => 2025-07-18 12:13:17
)
Array
(
    [REQUEST_URI] => /api_auth/inventory/update
    [REQUEST_METHOD] => GET
    [TIME] => 2025-07-18 12:13:54
)
Array
(
    [REQUEST_URI] => /api_auth/inventory/update
    [REQUEST_METHOD] => POST
    [TIME] => 2025-07-18 12:14:01
)
Array
(
    [REQUEST_URI] => /api_auth/products/by-barcode-with-quantity?barcode=123
    [REQUEST_METHOD] => OPTIONS
    [TIME] => 2025-07-18 12:21:03
)
Array
(
    [REQUEST_URI] => /api_auth/products/by-barcode-with-quantity?barcode=123
    [REQUEST_METHOD] => GET
    [TIME] => 2025-07-18 12:21:03
)
Array
(
    [REQUEST_URI] => /api_auth/inventory/update
    [REQUEST_METHOD] => OPTIONS
    [TIME] => 2025-07-18 12:21:09
)
Array
(
    [REQUEST_URI] => /api_auth/inventory/update
    [REQUEST_METHOD] => POST
    [TIME] => 2025-07-18 12:21:09
)
Array
(
    [REQUEST_URI] => /api_auth/products/by-barcode-with-quantity?barcode=123
    [REQUEST_METHOD] => OPTIONS
    [TIME] => 2025-07-18 12:21:09
)
Array
(
    [REQUEST_URI] => /api_auth/products/by-barcode-with-quantity?barcode=123
    [REQUEST_METHOD] => GET
    [TIME] => 2025-07-18 12:21:09
)
Array
(
    [REQUEST_URI] => /api_auth/products/by-barcode-with-quantity?barcode=123
    [REQUEST_METHOD] => OPTIONS
    [TIME] => 2025-07-18 12:29:48
)
Array
(
    [REQUEST_URI] => /api_auth/products/by-barcode-with-quantity?barcode=123
    [REQUEST_METHOD] => GET
    [TIME] => 2025-07-18 12:29:48
)
Array
(
    [REQUEST_URI] => /api_auth/products/by-barcode-with-quantity?barcode=123
    [REQUEST_METHOD] => OPTIONS
    [TIME] => 2025-07-18 12:30:19
)
Array
(
    [REQUEST_URI] => /api_auth/products/by-barcode-with-quantity?barcode=123
    [REQUEST_METHOD] => GET
    [TIME] => 2025-07-18 12:30:19
)
Array
(
    [REQUEST_URI] => /api_auth/inventory/update
    [REQUEST_METHOD] => OPTIONS
    [TIME] => 2025-07-18 12:30:24
)
Array
(
    [REQUEST_URI] => /api_auth/inventory/update
    [REQUEST_METHOD] => POST
    [TIME] => 2025-07-18 12:30:24
)
Array
(
    [REQUEST_URI] => /api_auth/products/by-barcode-with-quantity?barcode=123
    [REQUEST_METHOD] => OPTIONS
    [TIME] => 2025-07-18 12:30:24
)
Array
(
    [REQUEST_URI] => /api_auth/products/by-barcode-with-quantity?barcode=123
    [REQUEST_METHOD] => GET
    [TIME] => 2025-07-18 12:30:24
)
Array
(
    [REQUEST_URI] => /api_auth/products
    [REQUEST_METHOD] => OPTIONS
    [TIME] => 2025-07-18 12:30:31
)
Array
(
    [REQUEST_URI] => /api_auth/products
    [REQUEST_METHOD] => GET
    [TIME] => 2025-07-18 12:30:31
)
Array
(
    [REQUEST_URI] => /api_auth/products/by-barcode-with-quantity?barcode=123
    [REQUEST_METHOD] => OPTIONS
    [TIME] => 2025-07-18 12:32:37
)
Array
(
    [REQUEST_URI] => /api_auth/products/by-barcode-with-quantity?barcode=123
    [REQUEST_METHOD] => GET
    [TIME] => 2025-07-18 12:32:37
)
Array
(
    [REQUEST_URI] => /api_auth/inventory/update
    [REQUEST_METHOD] => OPTIONS
    [TIME] => 2025-07-18 12:32:44
)
Array
(
    [REQUEST_URI] => /api_auth/inventory/update
    [REQUEST_METHOD] => POST
    [TIME] => 2025-07-18 12:32:44
)
Array
(
    [REQUEST_URI] => /api_auth/products/by-barcode-with-quantity?barcode=123
    [REQUEST_METHOD] => OPTIONS
    [TIME] => 2025-07-18 12:32:44
)
Array
(
    [REQUEST_URI] => /api_auth/products/by-barcode-with-quantity?barcode=123
    [REQUEST_METHOD] => GET
    [TIME] => 2025-07-18 12:32:44
)
Array
(
    [REQUEST_URI] => /api_auth/products/by-barcode-with-quantity?barcode=123
    [REQUEST_METHOD] => OPTIONS
    [TIME] => 2025-07-18 12:34:28
)
Array
(
    [REQUEST_URI] => /api_auth/products/by-barcode-with-quantity?barcode=123
    [REQUEST_METHOD] => GET
    [TIME] => 2025-07-18 12:34:28
)
Array
(
    [REQUEST_URI] => /api_auth/products
    [REQUEST_METHOD] => OPTIONS
    [TIME] => 2025-07-18 12:34:37
)
Array
(
    [REQUEST_URI] => /api_auth/products
    [REQUEST_METHOD] => GET
    [TIME] => 2025-07-18 12:34:37
)
Array
(
    [REQUEST_URI] => /api_auth/products
    [REQUEST_METHOD] => OPTIONS
    [TIME] => 2025-07-18 12:37:10
)
Array
(
    [REQUEST_URI] => /api_auth/products
    [REQUEST_METHOD] => GET
    [TIME] => 2025-07-18 12:37:10
)
Array
(
    [REQUEST_URI] => /api_auth/products
    [REQUEST_METHOD] => OPTIONS
    [TIME] => 2025-07-18 12:37:55
)
Array
(
    [REQUEST_URI] => /api_auth/products
    [REQUEST_METHOD] => GET
    [TIME] => 2025-07-18 12:37:55
)
Array
(
    [REQUEST_URI] => /api_auth/products
    [REQUEST_METHOD] => OPTIONS
    [TIME] => 2025-07-18 12:38:56
)
Array
(
    [REQUEST_URI] => /api_auth/products
    [REQUEST_METHOD] => GET
    [TIME] => 2025-07-18 12:38:56
)
Array
(
    [REQUEST_URI] => /api_auth/products
    [REQUEST_METHOD] => OPTIONS
    [TIME] => 2025-07-18 12:40:27
)
Array
(
    [REQUEST_URI] => /api_auth/products
    [REQUEST_METHOD] => GET
    [TIME] => 2025-07-18 12:40:27
)
Array
(
    [REQUEST_URI] => /api_auth/products
    [REQUEST_METHOD] => OPTIONS
    [TIME] => 2025-07-18 12:41:40
)
Array
(
    [REQUEST_URI] => /api_auth/products
    [REQUEST_METHOD] => GET
    [TIME] => 2025-07-18 12:41:40
)
Array
(
    [REQUEST_URI] => /api_auth/products
    [REQUEST_METHOD] => OPTIONS
    [TIME] => 2025-07-18 12:41:49
)
Array
(
    [REQUEST_URI] => /api_auth/products
    [REQUEST_METHOD] => GET
    [TIME] => 2025-07-18 12:41:49
)
Array
(
    [REQUEST_URI] => /api_auth/login
    [REQUEST_METHOD] => OPTIONS
    [TIME] => 2025-07-18 12:44:47
)
Array
(
    [REQUEST_URI] => /api_auth/login
    [REQUEST_METHOD] => POST
    [TIME] => 2025-07-18 12:44:47
)
Array
(
    [REQUEST_URI] => /api_auth/login
    [REQUEST_METHOD] => OPTIONS
    [TIME] => 2025-07-18 12:44:59
)
Array
(
    [REQUEST_URI] => /api_auth/login
    [REQUEST_METHOD] => POST
    [TIME] => 2025-07-18 12:44:59
)
Array
(
    [REQUEST_URI] => /api_auth/login
    [REQUEST_METHOD] => OPTIONS
    [TIME] => 2025-07-18 12:45:16
)
Array
(
    [REQUEST_URI] => /api_auth/login
    [REQUEST_METHOD] => POST
    [TIME] => 2025-07-18 12:45:16
)
Array
(
    [REQUEST_URI] => /api_auth/login
    [REQUEST_METHOD] => OPTIONS
    [TIME] => 2025-07-18 12:45:35
)
Array
(
    [REQUEST_URI] => /api_auth/login
    [REQUEST_METHOD] => POST
    [TIME] => 2025-07-18 12:45:35
)
Array
(
    [REQUEST_URI] => /api_auth/login
    [REQUEST_METHOD] => GET
    [TIME] => 2025-07-18 12:46:42
)
Array
(
    [REQUEST_URI] => /api_auth/login
    [REQUEST_METHOD] => POST
    [TIME] => 2025-07-18 12:46:53
)
Array
(
    [REQUEST_URI] => /api_auth/registeer
    [REQUEST_METHOD] => POST
    [TIME] => 2025-07-18 12:47:07
)
Array
(
    [REQUEST_URI] => /api_auth/register
    [REQUEST_METHOD] => POST
    [TIME] => 2025-07-18 12:47:08
)
Array
(
    [REQUEST_URI] => /api_auth/register
    [REQUEST_METHOD] => POST
    [TIME] => 2025-07-18 12:47:32
)
Array
(
    [REQUEST_URI] => /api_auth/register
    [REQUEST_METHOD] => POST
    [TIME] => 2025-07-18 12:47:38
)
Array
(
    [REQUEST_URI] => /api_auth/login
    [REQUEST_METHOD] => OPTIONS
    [TIME] => 2025-07-18 12:47:49
)
Array
(
    [REQUEST_URI] => /api_auth/login
    [REQUEST_METHOD] => POST
    [TIME] => 2025-07-18 12:47:49
)
Array
(
    [REQUEST_URI] => /api_auth/products/by-barcode-with-quantity?barcode=123
    [REQUEST_METHOD] => OPTIONS
    [TIME] => 2025-07-18 12:47:56
)
Array
(
    [REQUEST_URI] => /api_auth/products/by-barcode-with-quantity?barcode=123
    [REQUEST_METHOD] => GET
    [TIME] => 2025-07-18 12:47:56
)
Array
(
    [REQUEST_URI] => /api_auth/inventory/update
    [REQUEST_METHOD] => OPTIONS
    [TIME] => 2025-07-18 12:48:03
)
Array
(
    [REQUEST_URI] => /api_auth/inventory/update
    [REQUEST_METHOD] => POST
    [TIME] => 2025-07-18 12:48:03
)
Array
(
    [REQUEST_URI] => /api_auth/products/by-barcode-with-quantity?barcode=123
    [REQUEST_METHOD] => OPTIONS
    [TIME] => 2025-07-18 12:48:03
)
Array
(
    [REQUEST_URI] => /api_auth/products/by-barcode-with-quantity?barcode=123
    [REQUEST_METHOD] => GET
    [TIME] => 2025-07-18 12:48:03
)
Array
(
    [REQUEST_URI] => /api_auth/products
    [REQUEST_METHOD] => OPTIONS
    [TIME] => 2025-07-18 12:48:06
)
Array
(
    [REQUEST_URI] => /api_auth/products
    [REQUEST_METHOD] => GET
    [TIME] => 2025-07-18 12:48:06
)
Array
(
    [REQUEST_URI] => /api_auth/products/by-barcode
    [REQUEST_METHOD] => GET
    [TIME] => 2025-07-18 12:57:11
)
Array
(
    [REQUEST_URI] => /api_auth/products/by-barcode
    [REQUEST_METHOD] => GET
    [TIME] => 2025-07-18 12:57:16
)
Array
(
    [REQUEST_URI] => /api_auth/products/by-barcode?barcode
    [REQUEST_METHOD] => GET
    [TIME] => 2025-07-18 12:57:24
)
Array
(
    [REQUEST_URI] => /api_auth/products/by-barcode?barcode=123
    [REQUEST_METHOD] => POST
    [TIME] => 2025-07-18 12:57:27
)
Array
(
    [REQUEST_URI] => /api_auth/products/by-barcode?barcode=123
    [REQUEST_METHOD] => GET
    [TIME] => 2025-07-18 12:57:33
)
Array
(
    [REQUEST_URI] => /api_auth/login
    [REQUEST_METHOD] => OPTIONS
    [TIME] => 2025-07-18 12:59:12
)
Array
(
    [REQUEST_URI] => /api_auth/login
    [REQUEST_METHOD] => POST
    [TIME] => 2025-07-18 12:59:12
)
Array
(
    [REQUEST_URI] => /api_auth/login
    [REQUEST_METHOD] => OPTIONS
    [TIME] => 2025-07-18 13:02:15
)
Array
(
    [REQUEST_URI] => /api_auth/login
    [REQUEST_METHOD] => POST
    [TIME] => 2025-07-18 13:02:15
)
Array
(
    [REQUEST_URI] => /api_auth/products/by-barcode?barcode=123
    [REQUEST_METHOD] => OPTIONS
    [TIME] => 2025-07-18 13:13:39
)
Array
(
    [REQUEST_URI] => /api_auth/products/by-barcode?barcode=123
    [REQUEST_METHOD] => GET
    [TIME] => 2025-07-18 13:13:39
)
Array
(
    [REQUEST_URI] => /api_auth/products/by-barcode?barcode=123
    [REQUEST_METHOD] => OPTIONS
    [TIME] => 2025-07-18 13:17:50
)
Array
(
    [REQUEST_URI] => /api_auth/products/by-barcode?barcode=123
    [REQUEST_METHOD] => GET
    [TIME] => 2025-07-18 13:17:50
)
Array
(
    [REQUEST_URI] => /api_auth/products/by-barcode?barcode=876
    [REQUEST_METHOD] => OPTIONS
    [TIME] => 2025-07-18 13:18:15
)
Array
(
    [REQUEST_URI] => /api_auth/products/by-barcode?barcode=876
    [REQUEST_METHOD] => GET
    [TIME] => 2025-07-18 13:18:15
)
Array
(
    [REQUEST_URI] => /api_auth/products/by-barcode?barcode=123
    [REQUEST_METHOD] => OPTIONS
    [TIME] => 2025-07-18 13:19:26
)
Array
(
    [REQUEST_URI] => /api_auth/products/by-barcode?barcode=123
    [REQUEST_METHOD] => GET
    [TIME] => 2025-07-18 13:19:26
)
Array
(
    [REQUEST_URI] => /api_auth/products/by-barcode?barcode=123
    [REQUEST_METHOD] => OPTIONS
    [TIME] => 2025-07-18 13:20:27
)
Array
(
    [REQUEST_URI] => /api_auth/products/by-barcode?barcode=123
    [REQUEST_METHOD] => GET
    [TIME] => 2025-07-18 13:20:27
)
Array
(
    [REQUEST_URI] => /api_auth/products/by-barcode?barcode=123
    [REQUEST_METHOD] => OPTIONS
    [TIME] => 2025-07-18 13:22:54
)
Array
(
    [REQUEST_URI] => /api_auth/products/by-barcode?barcode=123
    [REQUEST_METHOD] => GET
    [TIME] => 2025-07-18 13:22:54
)
Array
(
    [REQUEST_URI] => /api_auth/products/by-barcode?barcode=123
    [REQUEST_METHOD] => OPTIONS
    [TIME] => 2025-07-18 13:23:19
)
Array
(
    [REQUEST_URI] => /api_auth/products/by-barcode?barcode=123
    [REQUEST_METHOD] => GET
    [TIME] => 2025-07-18 13:23:19
)
Array
(
    [REQUEST_URI] => /api_auth/products/by-barcode?barcode=123
    [REQUEST_METHOD] => OPTIONS
    [TIME] => 2025-07-18 13:27:54
)
Array
(
    [REQUEST_URI] => /api_auth/products/by-barcode?barcode=123
    [REQUEST_METHOD] => GET
    [TIME] => 2025-07-18 13:27:54
)
Array
(
    [REQUEST_URI] => /api_auth/products/by-barcode?barcode=123
    [REQUEST_METHOD] => GET
    [TIME] => 2025-07-18 13:28:02
)
Array
(
    [REQUEST_URI] => /api_auth/products/by-barcode?barcode=123
    [REQUEST_METHOD] => POST
    [TIME] => 2025-07-18 13:28:05
)
Array
(
    [REQUEST_URI] => /api_auth/products/by-barcode?barcode=123
    [REQUEST_METHOD] => POST
    [TIME] => 2025-07-18 13:28:05
)
Array
(
    [REQUEST_URI] => /api_auth/products/by-barcode?barcode=123
    [REQUEST_METHOD] => OPTIONS
    [TIME] => 2025-07-18 13:30:00
)
Array
(
    [REQUEST_URI] => /api_auth/products/by-barcode?barcode=123
    [REQUEST_METHOD] => GET
    [TIME] => 2025-07-18 13:30:00
)
Array
(
    [REQUEST_URI] => /api_auth/products/by-barcode?barcode=123
    [REQUEST_METHOD] => POST
    [TIME] => 2025-07-18 13:38:19
)
Array
(
    [REQUEST_URI] => /api_auth/products/by-barcode?barcode=123
    [REQUEST_METHOD] => GET
    [TIME] => 2025-07-18 13:38:25
)
Array
(
    [REQUEST_URI] => /api_auth/login
    [REQUEST_METHOD] => POST
    [TIME] => 2025-07-18 13:39:01
)
Array
(
    [REQUEST_URI] => /api_auth/login
    [REQUEST_METHOD] => POST
    [TIME] => 2025-07-18 13:39:05
)
Array
(
    [REQUEST_URI] => /api_auth/login
    [REQUEST_METHOD] => POST
    [TIME] => 2025-07-18 13:39:37
)
Array
(
    [REQUEST_URI] => /api_auth/login
    [REQUEST_METHOD] => POST
    [TIME] => 2025-07-18 13:39:50
)
Array
(
    [REQUEST_URI] => /api_auth/login
    [REQUEST_METHOD] => POST
    [TIME] => 2025-07-18 13:40:02
)
Array
(
    [REQUEST_URI] => /api_auth/login
    [REQUEST_METHOD] => POST
    [TIME] => 2025-07-18 13:40:41
)
Array
(
    [REQUEST_URI] => /api_auth/products/by-barcode-with-quantity?barcode=$barcode
    [REQUEST_METHOD] => GET
    [TIME] => 2025-07-18 13:41:56
)
Array
(
    [REQUEST_URI] => /api_auth/login
    [REQUEST_METHOD] => GET
    [TIME] => 2025-07-18 13:42:03
)
Array
(
    [REQUEST_URI] => /api_auth/login
    [REQUEST_METHOD] => POST
    [TIME] => 2025-07-18 13:42:10
)
Array
(
    [REQUEST_URI] => /api_auth/products/by-barcode?barcode=123
    [REQUEST_METHOD] => POST
    [TIME] => 2025-07-18 13:42:28
)
Array
(
    [REQUEST_URI] => /api_auth/products/by-barcode?barcode=123
    [REQUEST_METHOD] => GET
    [TIME] => 2025-07-18 13:42:32
)
Array
(
    [REQUEST_URI] => /api_auth/inventory/update
    [REQUEST_METHOD] => GET
    [TIME] => 2025-07-18 13:42:53
)
Array
(
    [REQUEST_URI] => /api_auth/inventory/update
    [REQUEST_METHOD] => POST
    [TIME] => 2025-07-18 13:42:57
)
Array
(
    [REQUEST_URI] => /api_auth/inventory/update
    [REQUEST_METHOD] => POST
    [TIME] => 2025-07-18 13:43:15
)
Array
(
    [REQUEST_URI] => /api_auth/register
    [REQUEST_METHOD] => POST
    [TIME] => 2025-07-18 13:43:59
)
Array
(
    [REQUEST_URI] => /api_auth/products%20
    [REQUEST_METHOD] => GET
    [TIME] => 2025-07-18 13:45:37
)
Array
(
    [REQUEST_URI] => /api_auth/products
    [REQUEST_METHOD] => GET
    [TIME] => 2025-07-18 13:45:43
)
Array
(
    [REQUEST_URI] => /api_auth/products
    [REQUEST_METHOD] => GET
    [TIME] => 2025-07-18 13:47:59
)
Array
(
    [REQUEST_URI] => /api_auth/register
    [REQUEST_METHOD] => POST
    [TIME] => 2025-07-18 13:48:22
)
Array
(
    [REQUEST_URI] => /api_auth/register
    [REQUEST_METHOD] => POST
    [TIME] => 2025-07-18 13:48:56
)
Array
(
    [REQUEST_URI] => /api_auth/login
    [REQUEST_METHOD] => POST
    [TIME] => 2025-07-18 13:49:12
)
Array
(
    [REQUEST_URI] => /api_auth/login
    [REQUEST_METHOD] => POST
    [TIME] => 2025-07-18 13:49:23
)
Array
(
    [REQUEST_URI] => /api_auth/products/by-barcode-with-quantity
    [REQUEST_METHOD] => GET
    [TIME] => 2025-07-18 13:52:09
)
Array
(
    [REQUEST_URI] => /api_auth/products/by-barcode-with-quantity?barcode=123
    [REQUEST_METHOD] => GET
    [TIME] => 2025-07-18 13:52:24
)
Array
(
    [REQUEST_URI] => /api_auth/login
    [REQUEST_METHOD] => GET
    [TIME] => 2025-07-18 13:52:32
)
Array
(
    [REQUEST_URI] => /api_auth/login
    [REQUEST_METHOD] => POST
    [TIME] => 2025-07-18 13:52:38
)
Array
(
    [REQUEST_URI] => /api_auth/login
    [REQUEST_METHOD] => POST
    [TIME] => 2025-07-18 13:52:58
)
Array
(
    [REQUEST_URI] => /api_auth/products/by-barcode-with-quantity?barcode=123
    [REQUEST_METHOD] => GET
    [TIME] => 2025-07-18 13:53:24
)
Array
(
    [REQUEST_URI] => /api_auth/inventory/update
    [REQUEST_METHOD] => POST
    [TIME] => 2025-07-18 13:55:00
)
Array
(
    [REQUEST_URI] => /api_auth/inventory/update
    [REQUEST_METHOD] => POST
    [TIME] => 2025-07-18 13:56:03
)
Array
(
    [REQUEST_URI] => /api_auth/products/by-barcode?barcode=123
    [REQUEST_METHOD] => GET
    [TIME] => 2025-07-18 13:57:17
)
Array
(
    [REQUEST_URI] => /api_auth/products/by-barcode?barcode=123
    [REQUEST_METHOD] => OPTIONS
    [TIME] => 2025-07-18 13:59:24
)
Array
(
    [REQUEST_URI] => /api_auth/products/by-barcode?barcode=123
    [REQUEST_METHOD] => GET
    [TIME] => 2025-07-18 13:59:24
)
Array
(
    [REQUEST_URI] => /api_auth/login
    [REQUEST_METHOD] => OPTIONS
    [TIME] => 2025-07-18 14:01:01
)
Array
(
    [REQUEST_URI] => /api_auth/login
    [REQUEST_METHOD] => POST
    [TIME] => 2025-07-18 14:01:01
)
Array
(
    [REQUEST_URI] => /api_auth/products/by-barcode-with-quantity?barcode=123
    [REQUEST_METHOD] => OPTIONS
    [TIME] => 2025-07-18 14:03:00
)
Array
(
    [REQUEST_URI] => /api_auth/products/by-barcode-with-quantity?barcode=123
    [REQUEST_METHOD] => GET
    [TIME] => 2025-07-18 14:03:00
)
Array
(
    [REQUEST_URI] => /api_auth/inventory/update
    [REQUEST_METHOD] => OPTIONS
    [TIME] => 2025-07-18 14:03:27
)
Array
(
    [REQUEST_URI] => /api_auth/inventory/update
    [REQUEST_METHOD] => POST
    [TIME] => 2025-07-18 14:03:27
)
Array
(
    [REQUEST_URI] => /api_auth/products/by-barcode-with-quantity?barcode=123
    [REQUEST_METHOD] => OPTIONS
    [TIME] => 2025-07-18 14:03:27
)
Array
(
    [REQUEST_URI] => /api_auth/products/by-barcode-with-quantity?barcode=123
    [REQUEST_METHOD] => GET
    [TIME] => 2025-07-18 14:03:27
)
Array
(
    [REQUEST_URI] => /api_auth/products
    [REQUEST_METHOD] => OPTIONS
    [TIME] => 2025-07-18 14:03:45
)
Array
(
    [REQUEST_URI] => /api_auth/products
    [REQUEST_METHOD] => GET
    [TIME] => 2025-07-18 14:03:45
)
Array
(
    [REQUEST_URI] => /api_auth/products/by-barcode?barcode=$barcode=123
    [REQUEST_METHOD] => GET
    [TIME] => 2025-07-20 09:40:41
)
Array
(
    [REQUEST_URI] => /api_auth/products/by-barcode?barcode=123
    [REQUEST_METHOD] => GET
    [TIME] => 2025-07-20 09:40:49
)
Array
(
    [REQUEST_URI] => /api_auth/products/by-barcode?barcode=123
    [REQUEST_METHOD] => OPTIONS
    [TIME] => 2025-07-20 09:43:13
)
Array
(
    [REQUEST_URI] => /api_auth/products/by-barcode?barcode=123
    [REQUEST_METHOD] => GET
    [TIME] => 2025-07-20 09:43:13
)
Array
(
    [REQUEST_URI] => /api_auth/products/by-barcode?barcode=123
    [REQUEST_METHOD] => GET
    [TIME] => 2025-07-20 09:43:13
)
Array
(
    [REQUEST_URI] => /api_auth/login
    [REQUEST_METHOD] => OPTIONS
    [TIME] => 2025-07-20 09:44:36
)
Array
(
    [REQUEST_URI] => /api_auth/login
    [REQUEST_METHOD] => POST
    [TIME] => 2025-07-20 09:44:36
)
Array
(
    [REQUEST_URI] => /api_auth/products
    [REQUEST_METHOD] => OPTIONS
    [TIME] => 2025-07-20 09:44:41
)
Array
(
    [REQUEST_URI] => /api_auth/products
    [REQUEST_METHOD] => GET
    [TIME] => 2025-07-20 09:44:41
)
Array
(
    [REQUEST_URI] => /api_auth/products/by-barcode-with-quantity?barcode=123
    [REQUEST_METHOD] => OPTIONS
    [TIME] => 2025-07-20 09:45:06
)
Array
(
    [REQUEST_URI] => /api_auth/products/by-barcode-with-quantity?barcode=123
    [REQUEST_METHOD] => GET
    [TIME] => 2025-07-20 09:45:06
)
Array
(
    [REQUEST_URI] => /api_auth/inventory/update
    [REQUEST_METHOD] => OPTIONS
    [TIME] => 2025-07-20 09:45:20
)
Array
(
    [REQUEST_URI] => /api_auth/inventory/update
    [REQUEST_METHOD] => POST
    [TIME] => 2025-07-20 09:45:20
)
Array
(
    [REQUEST_URI] => /api_auth/products/by-barcode-with-quantity?barcode=123
    [REQUEST_METHOD] => OPTIONS
    [TIME] => 2025-07-20 09:45:20
)
Array
(
    [REQUEST_URI] => /api_auth/products/by-barcode-with-quantity?barcode=123
    [REQUEST_METHOD] => GET
    [TIME] => 2025-07-20 09:45:20
)
Array
(
    [REQUEST_URI] => /api_auth/products
    [REQUEST_METHOD] => OPTIONS
    [TIME] => 2025-07-20 09:45:38
)
Array
(
    [REQUEST_URI] => /api_auth/products
    [REQUEST_METHOD] => GET
    [TIME] => 2025-07-20 09:45:38
)
Array
(
    [REQUEST_URI] => /api_auth/products
    [REQUEST_METHOD] => OPTIONS
    [TIME] => 2025-07-20 09:45:47
)
Array
(
    [REQUEST_URI] => /api_auth/products
    [REQUEST_METHOD] => GET
    [TIME] => 2025-07-20 09:45:47
)
Array
(
    [REQUEST_URI] => /api_auth/login
    [REQUEST_METHOD] => OPTIONS
    [TIME] => 2025-07-20 09:57:14
)
Array
(
    [REQUEST_URI] => /api_auth/login
    [REQUEST_METHOD] => POST
    [TIME] => 2025-07-20 09:57:14
)
Array
(
    [REQUEST_URI] => /api_auth/products
    [REQUEST_METHOD] => OPTIONS
    [TIME] => 2025-07-20 09:58:23
)
Array
(
    [REQUEST_URI] => /api_auth/products
    [REQUEST_METHOD] => GET
    [TIME] => 2025-07-20 09:58:23
)
Array
(
    [REQUEST_URI] => /api_auth/products
    [REQUEST_METHOD] => OPTIONS
    [TIME] => 2025-07-20 09:58:56
)
Array
(
    [REQUEST_URI] => /api_auth/products
    [REQUEST_METHOD] => GET
    [TIME] => 2025-07-20 09:58:56
)
Array
(
    [REQUEST_URI] => /api_auth/products
    [REQUEST_METHOD] => OPTIONS
    [TIME] => 2025-07-20 09:59:04
)
Array
(
    [REQUEST_URI] => /api_auth/products
    [REQUEST_METHOD] => GET
    [TIME] => 2025-07-20 09:59:04
)
Array
(
    [REQUEST_URI] => /api_auth/products
    [REQUEST_METHOD] => OPTIONS
    [TIME] => 2025-07-20 09:59:29
)
Array
(
    [REQUEST_URI] => /api_auth/products
    [REQUEST_METHOD] => GET
    [TIME] => 2025-07-20 09:59:29
)
Array
(
    [REQUEST_URI] => /api_auth/products
    [REQUEST_METHOD] => OPTIONS
    [TIME] => 2025-07-20 09:59:38
)
Array
(
    [REQUEST_URI] => /api_auth/products
    [REQUEST_METHOD] => GET
    [TIME] => 2025-07-20 09:59:38
)
Array
(
    [REQUEST_URI] => /api_auth/products
    [REQUEST_METHOD] => OPTIONS
    [TIME] => 2025-07-20 09:59:50
)
Array
(
    [REQUEST_URI] => /api_auth/products
    [REQUEST_METHOD] => GET
    [TIME] => 2025-07-20 09:59:50
)
Array
(
    [REQUEST_URI] => /api_auth/products
    [REQUEST_METHOD] => OPTIONS
    [TIME] => 2025-07-20 10:00:21
)
Array
(
    [REQUEST_URI] => /api_auth/products
    [REQUEST_METHOD] => GET
    [TIME] => 2025-07-20 10:00:21
)
Array
(
    [REQUEST_URI] => /api_auth/products
    [REQUEST_METHOD] => OPTIONS
    [TIME] => 2025-07-20 10:00:55
)
Array
(
    [REQUEST_URI] => /api_auth/products
    [REQUEST_METHOD] => GET
    [TIME] => 2025-07-20 10:00:55
)
Array
(
    [REQUEST_URI] => /api_auth/products
    [REQUEST_METHOD] => OPTIONS
    [TIME] => 2025-07-20 10:01:03
)
Array
(
    [REQUEST_URI] => /api_auth/products
    [REQUEST_METHOD] => GET
    [TIME] => 2025-07-20 10:01:03
)
Array
(
    [REQUEST_URI] => /api_auth/products
    [REQUEST_METHOD] => OPTIONS
    [TIME] => 2025-07-20 10:04:26
)
Array
(
    [REQUEST_URI] => /api_auth/products
    [REQUEST_METHOD] => GET
    [TIME] => 2025-07-20 10:04:26
)
Array
(
    [REQUEST_URI] => /api_auth/products
    [REQUEST_METHOD] => OPTIONS
    [TIME] => 2025-07-20 10:04:53
)
Array
(
    [REQUEST_URI] => /api_auth/products
    [REQUEST_METHOD] => GET
    [TIME] => 2025-07-20 10:04:53
)
Array
(
    [REQUEST_URI] => /api_auth/products
    [REQUEST_METHOD] => OPTIONS
    [TIME] => 2025-07-20 10:05:10
)
Array
(
    [REQUEST_URI] => /api_auth/products
    [REQUEST_METHOD] => GET
    [TIME] => 2025-07-20 10:05:10
)
Array
(
    [REQUEST_URI] => /api_auth/products
    [REQUEST_METHOD] => OPTIONS
    [TIME] => 2025-07-20 10:05:38
)
Array
(
    [REQUEST_URI] => /api_auth/products
    [REQUEST_METHOD] => GET
    [TIME] => 2025-07-20 10:05:38
)
Array
(
    [REQUEST_URI] => /api_auth/products
    [REQUEST_METHOD] => OPTIONS
    [TIME] => 2025-07-20 10:05:53
)
Array
(
    [REQUEST_URI] => /api_auth/products
    [REQUEST_METHOD] => GET
    [TIME] => 2025-07-20 10:05:53
)
Array
(
    [REQUEST_URI] => /api_auth/products
    [REQUEST_METHOD] => OPTIONS
    [TIME] => 2025-07-20 10:06:16
)
Array
(
    [REQUEST_URI] => /api_auth/products
    [REQUEST_METHOD] => GET
    [TIME] => 2025-07-20 10:06:16
)
Array
(
    [REQUEST_URI] => /api_auth/products
    [REQUEST_METHOD] => OPTIONS
    [TIME] => 2025-07-20 10:06:26
)
Array
(
    [REQUEST_URI] => /api_auth/products
    [REQUEST_METHOD] => GET
    [TIME] => 2025-07-20 10:06:26
)
Array
(
    [REQUEST_URI] => /api_auth/login
    [REQUEST_METHOD] => OPTIONS
    [TIME] => 2025-07-20 10:16:53
)
Array
(
    [REQUEST_URI] => /api_auth/login
    [REQUEST_METHOD] => POST
    [TIME] => 2025-07-20 10:16:53
)
Array
(
    [REQUEST_URI] => /api_auth/products
    [REQUEST_METHOD] => OPTIONS
    [TIME] => 2025-07-20 10:19:40
)
Array
(
    [REQUEST_URI] => /api_auth/products
    [REQUEST_METHOD] => GET
    [TIME] => 2025-07-20 10:19:40
)
Array
(
    [REQUEST_URI] => /api_auth/login
    [REQUEST_METHOD] => OPTIONS
    [TIME] => 2025-07-21 09:15:50
)
Array
(
    [REQUEST_URI] => /api_auth/login
    [REQUEST_METHOD] => POST
    [TIME] => 2025-07-21 09:15:50
)
Array
(
    [REQUEST_URI] => /api_auth/products/by-barcode-with-quantity?barcode=123
    [REQUEST_METHOD] => OPTIONS
    [TIME] => 2025-07-21 09:17:11
)
Array
(
    [REQUEST_URI] => /api_auth/products/by-barcode-with-quantity?barcode=123
    [REQUEST_METHOD] => GET
    [TIME] => 2025-07-21 09:17:11
)
Array
(
    [REQUEST_URI] => /api_auth/products/by-barcode-with-quantity?barcode=123
    [REQUEST_METHOD] => OPTIONS
    [TIME] => 2025-07-21 09:17:37
)
Array
(
    [REQUEST_URI] => /api_auth/products/by-barcode-with-quantity?barcode=123
    [REQUEST_METHOD] => GET
    [TIME] => 2025-07-21 09:17:37
)
Array
(
    [REQUEST_URI] => /api_auth/inventory/update
    [REQUEST_METHOD] => OPTIONS
    [TIME] => 2025-07-21 09:17:41
)
Array
(
    [REQUEST_URI] => /api_auth/inventory/update
    [REQUEST_METHOD] => POST
    [TIME] => 2025-07-21 09:17:41
)
Array
(
    [REQUEST_URI] => /api_auth/products/by-barcode-with-quantity?barcode=123
    [REQUEST_METHOD] => GET
    [TIME] => 2025-07-21 09:17:41
)
Array
(
    [REQUEST_URI] => /api_auth/products
    [REQUEST_METHOD] => OPTIONS
    [TIME] => 2025-07-21 09:17:48
)
Array
(
    [REQUEST_URI] => /api_auth/products
    [REQUEST_METHOD] => GET
    [TIME] => 2025-07-21 09:17:48
)
Array
(
    [REQUEST_URI] => /api_auth/products/by-barcode-with-quantity?barcode=123
    [REQUEST_METHOD] => OPTIONS
    [TIME] => 2025-07-21 09:20:01
)
Array
(
    [REQUEST_URI] => /api_auth/products/by-barcode-with-quantity?barcode=123
    [REQUEST_METHOD] => GET
    [TIME] => 2025-07-21 09:20:01
)
Array
(
    [REQUEST_URI] => /api_auth/inventory/update
    [REQUEST_METHOD] => OPTIONS
    [TIME] => 2025-07-21 09:20:08
)
Array
(
    [REQUEST_URI] => /api_auth/inventory/update
    [REQUEST_METHOD] => POST
    [TIME] => 2025-07-21 09:20:08
)
Array
(
    [REQUEST_URI] => /api_auth/products/by-barcode-with-quantity?barcode=123
    [REQUEST_METHOD] => OPTIONS
    [TIME] => 2025-07-21 09:20:08
)
Array
(
    [REQUEST_URI] => /api_auth/products/by-barcode-with-quantity?barcode=123
    [REQUEST_METHOD] => GET
    [TIME] => 2025-07-21 09:20:08
)
Array
(
    [REQUEST_URI] => /api_auth/products/by-barcode-with-quantity?barcode=123
    [REQUEST_METHOD] => OPTIONS
    [TIME] => 2025-07-21 09:20:54
)
Array
(
    [REQUEST_URI] => /api_auth/products/by-barcode-with-quantity?barcode=123
    [REQUEST_METHOD] => GET
    [TIME] => 2025-07-21 09:20:54
)
Array
(
    [REQUEST_URI] => /api_auth/products
    [REQUEST_METHOD] => OPTIONS
    [TIME] => 2025-07-21 09:21:05
)
Array
(
    [REQUEST_URI] => /api_auth/products
    [REQUEST_METHOD] => GET
    [TIME] => 2025-07-21 09:21:05
)
Array
(
    [REQUEST_URI] => /api_auth/products
    [REQUEST_METHOD] => OPTIONS
    [TIME] => 2025-07-21 09:21:11
)
Array
(
    [REQUEST_URI] => /api_auth/products
    [REQUEST_METHOD] => GET
    [TIME] => 2025-07-21 09:21:11
)
Array
(
    [REQUEST_URI] => /api_auth/login
    [REQUEST_METHOD] => OPTIONS
    [TIME] => 2025-07-21 09:30:57
)
Array
(
    [REQUEST_URI] => /api_auth/login
    [REQUEST_METHOD] => POST
    [TIME] => 2025-07-21 09:30:57
)
Array
(
    [REQUEST_URI] => /api_auth/products
    [REQUEST_METHOD] => OPTIONS
    [TIME] => 2025-07-21 09:30:59
)
Array
(
    [REQUEST_URI] => /api_auth/products
    [REQUEST_METHOD] => GET
    [TIME] => 2025-07-21 09:30:59
)
Array
(
    [REQUEST_URI] => /api_auth/products
    [REQUEST_METHOD] => OPTIONS
    [TIME] => 2025-07-21 09:31:10
)
Array
(
    [REQUEST_URI] => /api_auth/products
    [REQUEST_METHOD] => GET
    [TIME] => 2025-07-21 09:31:10
)
Array
(
    [REQUEST_URI] => /api_auth/products
    [REQUEST_METHOD] => OPTIONS
    [TIME] => 2025-07-21 09:31:27
)
Array
(
    [REQUEST_URI] => /api_auth/products
    [REQUEST_METHOD] => GET
    [TIME] => 2025-07-21 09:31:27
)
Array
(
    [REQUEST_URI] => /api_auth/products/by-barcode-with-quantity?barcode=123
    [REQUEST_METHOD] => OPTIONS
    [TIME] => 2025-07-21 09:31:37
)
Array
(
    [REQUEST_URI] => /api_auth/products/by-barcode-with-quantity?barcode=123
    [REQUEST_METHOD] => GET
    [TIME] => 2025-07-21 09:31:37
)
Array
(
    [REQUEST_URI] => /api_auth/products/by-barcode-with-quantity?barcode=123
    [REQUEST_METHOD] => OPTIONS
    [TIME] => 2025-07-21 09:31:44
)
Array
(
    [REQUEST_URI] => /api_auth/products/by-barcode-with-quantity?barcode=123
    [REQUEST_METHOD] => GET
    [TIME] => 2025-07-21 09:31:44
)
Array
(
    [REQUEST_URI] => /api_auth/inventory/update
    [REQUEST_METHOD] => OPTIONS
    [TIME] => 2025-07-21 09:31:49
)
Array
(
    [REQUEST_URI] => /api_auth/inventory/update
    [REQUEST_METHOD] => POST
    [TIME] => 2025-07-21 09:31:49
)
Array
(
    [REQUEST_URI] => /api_auth/products/by-barcode-with-quantity?barcode=123
    [REQUEST_METHOD] => OPTIONS
    [TIME] => 2025-07-21 09:31:49
)
Array
(
    [REQUEST_URI] => /api_auth/products/by-barcode-with-quantity?barcode=123
    [REQUEST_METHOD] => GET
    [TIME] => 2025-07-21 09:31:49
)
Array
(
    [REQUEST_URI] => /api_auth/products
    [REQUEST_METHOD] => OPTIONS
    [TIME] => 2025-07-21 09:31:53
)
Array
(
    [REQUEST_URI] => /api_auth/products
    [REQUEST_METHOD] => GET
    [TIME] => 2025-07-21 09:31:53
)
Array
(
    [REQUEST_URI] => /api_auth/products/by-barcode-with-quantity?barcode=123
    [REQUEST_METHOD] => OPTIONS
    [TIME] => 2025-07-21 09:32:02
)
Array
(
    [REQUEST_URI] => /api_auth/products/by-barcode-with-quantity?barcode=123
    [REQUEST_METHOD] => GET
    [TIME] => 2025-07-21 09:32:02
)
Array
(
    [REQUEST_URI] => /api_auth/products
    [REQUEST_METHOD] => OPTIONS
    [TIME] => 2025-07-21 09:32:05
)
Array
(
    [REQUEST_URI] => /api_auth/products
    [REQUEST_METHOD] => GET
    [TIME] => 2025-07-21 09:32:05
)
Array
(
    [REQUEST_URI] => /api_auth/products
    [REQUEST_METHOD] => OPTIONS
    [TIME] => 2025-07-21 09:32:20
)
Array
(
    [REQUEST_URI] => /api_auth/products
    [REQUEST_METHOD] => GET
    [TIME] => 2025-07-21 09:32:20
)
